{"stats":{"suites":2,"tests":6,"passes":6,"pending":0,"failures":0,"start":"2018-08-01T19:06:14.703Z","end":"2018-08-01T19:06:18.143Z","duration":3440,"testsRegistered":6,"passPercent":100,"pendingPercent":0,"other":0,"hasOther":false,"skipped":0,"hasSkipped":false,"passPercentClass":"success","pendingPercentClass":"danger"},"suites":{"title":"","suites":[{"title":"parent DESCRIBE block (chrome)","suites":[],"tests":[{"title":"DATAPROVIDER: 4 TEST for 1","fullTitle":"DATAPROVIDER: 4 TEST for 1","timedOut":false,"duration":3,"speed":"fast","pass":true,"fail":false,"pending":false,"code":"","isRoot":false,"uuid":"8f504183-ea70-4226-b60d-39a05efcf188","parentUUID":"e7dedcc1-209b-4b1d-ac26-b09949cedba0","skipped":false,"isHook":false,"context":"[{\"title\":\"Session Id\",\"value\":\"41e65b3dc455505382dd0729a2a7f59c\"}]","state":"passed","err":{}},{"title":"DATAPROVIDER: 5 TEST for 2","fullTitle":"DATAPROVIDER: 5 TEST for 2","timedOut":false,"duration":2,"speed":"fast","pass":true,"fail":false,"pending":false,"code":"","isRoot":false,"uuid":"34d678c9-251b-47e5-80fc-619d7f3a9297","parentUUID":"e7dedcc1-209b-4b1d-ac26-b09949cedba0","skipped":false,"isHook":false,"context":"[{\"title\":\"Session Id\",\"value\":\"41e65b3dc455505382dd0729a2a7f59c\"}]","state":"passed","err":{}},{"title":"DATAPROVIDER: 6 TEST for 3","fullTitle":"DATAPROVIDER: 6 TEST for 3","timedOut":false,"duration":2,"speed":"fast","pass":true,"fail":false,"pending":false,"code":"","isRoot":false,"uuid":"d172ac88-8ef9-4828-ae46-38f378ee2dc6","parentUUID":"e7dedcc1-209b-4b1d-ac26-b09949cedba0","skipped":false,"isHook":false,"context":"[{\"title\":\"Session Id\",\"value\":\"41e65b3dc455505382dd0729a2a7f59c\"}]","state":"passed","err":{}},{"title":"DATAPROVIDER: 7 TEST for 4","fullTitle":"DATAPROVIDER: 7 TEST for 4","timedOut":false,"duration":1,"speed":"fast","pass":true,"fail":false,"pending":false,"code":"","isRoot":false,"uuid":"32ff5358-b764-4721-86ea-ff3b3082cbe7","parentUUID":"e7dedcc1-209b-4b1d-ac26-b09949cedba0","skipped":false,"isHook":false,"context":"[{\"title\":\"Session Id\",\"value\":\"41e65b3dc455505382dd0729a2a7f59c\"}]","state":"passed","err":{}},{"title":"DATAPROVIDER: 8 TEST for 5","fullTitle":"DATAPROVIDER: 8 TEST for 5","timedOut":false,"duration":1,"speed":"fast","pass":true,"fail":false,"pending":false,"code":"","isRoot":false,"uuid":"6c3e8bc4-7f84-45a3-92b7-5bee2a40ae57","parentUUID":"e7dedcc1-209b-4b1d-ac26-b09949cedba0","skipped":false,"isHook":false,"context":"[{\"title\":\"Session Id\",\"value\":\"41e65b3dc455505382dd0729a2a7f59c\"}]","state":"passed","err":{}}],"pending":[],"root":false,"fullFile":"","file":"","passes":[{"title":"DATAPROVIDER: 4 TEST for 1","fullTitle":"DATAPROVIDER: 4 TEST for 1","timedOut":false,"duration":3,"speed":"fast","pass":true,"fail":false,"pending":false,"code":"","isRoot":false,"uuid":"8f504183-ea70-4226-b60d-39a05efcf188","parentUUID":"e7dedcc1-209b-4b1d-ac26-b09949cedba0","skipped":false,"isHook":false,"context":"[{\"title\":\"Session Id\",\"value\":\"41e65b3dc455505382dd0729a2a7f59c\"}]","state":"passed","err":{}},{"title":"DATAPROVIDER: 5 TEST for 2","fullTitle":"DATAPROVIDER: 5 TEST for 2","timedOut":false,"duration":2,"speed":"fast","pass":true,"fail":false,"pending":false,"code":"","isRoot":false,"uuid":"34d678c9-251b-47e5-80fc-619d7f3a9297","parentUUID":"e7dedcc1-209b-4b1d-ac26-b09949cedba0","skipped":false,"isHook":false,"context":"[{\"title\":\"Session Id\",\"value\":\"41e65b3dc455505382dd0729a2a7f59c\"}]","state":"passed","err":{}},{"title":"DATAPROVIDER: 6 TEST for 3","fullTitle":"DATAPROVIDER: 6 TEST for 3","timedOut":false,"duration":2,"speed":"fast","pass":true,"fail":false,"pending":false,"code":"","isRoot":false,"uuid":"d172ac88-8ef9-4828-ae46-38f378ee2dc6","parentUUID":"e7dedcc1-209b-4b1d-ac26-b09949cedba0","skipped":false,"isHook":false,"context":"[{\"title\":\"Session Id\",\"value\":\"41e65b3dc455505382dd0729a2a7f59c\"}]","state":"passed","err":{}},{"title":"DATAPROVIDER: 7 TEST for 4","fullTitle":"DATAPROVIDER: 7 TEST for 4","timedOut":false,"duration":1,"speed":"fast","pass":true,"fail":false,"pending":false,"code":"","isRoot":false,"uuid":"32ff5358-b764-4721-86ea-ff3b3082cbe7","parentUUID":"e7dedcc1-209b-4b1d-ac26-b09949cedba0","skipped":false,"isHook":false,"context":"[{\"title\":\"Session Id\",\"value\":\"41e65b3dc455505382dd0729a2a7f59c\"}]","state":"passed","err":{}},{"title":"DATAPROVIDER: 8 TEST for 5","fullTitle":"DATAPROVIDER: 8 TEST for 5","timedOut":false,"duration":1,"speed":"fast","pass":true,"fail":false,"pending":false,"code":"","isRoot":false,"uuid":"6c3e8bc4-7f84-45a3-92b7-5bee2a40ae57","parentUUID":"e7dedcc1-209b-4b1d-ac26-b09949cedba0","skipped":false,"isHook":false,"context":"[{\"title\":\"Session Id\",\"value\":\"41e65b3dc455505382dd0729a2a7f59c\"}]","state":"passed","err":{}}],"failures":[],"skipped":[],"hasTests":true,"hasSuites":false,"totalTests":5,"totalPasses":5,"totalFailures":0,"totalPending":0,"totalSkipped":0,"hasPasses":true,"hasFailures":false,"hasPending":false,"hasSkipped":false,"duration":21,"_timeout":0,"uuid":"e7dedcc1-209b-4b1d-ac26-b09949cedba0","hasBeforeHooks":false,"beforeHooks":[],"hasAfterHooks":false,"afterHooks":[]},{"title":"Nested describe block (chrome)","suites":[],"tests":[{"title":"NESTED TEST!","fullTitle":"NESTED TEST!","timedOut":false,"duration":2,"speed":"fast","pass":true,"fail":false,"pending":false,"code":"","isRoot":false,"uuid":"838c3507-dfbf-4e55-bc6f-fcb90f0bed6e","parentUUID":"1c63b295-809c-4142-8cc3-8345297508e1","skipped":false,"isHook":false,"context":"[{\"title\":\"Session Id\",\"value\":\"41e65b3dc455505382dd0729a2a7f59c\"}]","state":"passed","err":{}}],"pending":[],"root":false,"fullFile":"","file":"","passes":[{"title":"NESTED TEST!","fullTitle":"NESTED TEST!","timedOut":false,"duration":2,"speed":"fast","pass":true,"fail":false,"pending":false,"code":"","isRoot":false,"uuid":"838c3507-dfbf-4e55-bc6f-fcb90f0bed6e","parentUUID":"1c63b295-809c-4142-8cc3-8345297508e1","skipped":false,"isHook":false,"context":"[{\"title\":\"Session Id\",\"value\":\"41e65b3dc455505382dd0729a2a7f59c\"}]","state":"passed","err":{}}],"failures":[],"skipped":[],"hasTests":true,"hasSuites":false,"totalTests":1,"totalPasses":1,"totalFailures":0,"totalPending":0,"totalSkipped":0,"hasPasses":true,"hasFailures":false,"hasPending":false,"hasSkipped":false,"duration":5,"_timeout":0,"uuid":"1c63b295-809c-4142-8cc3-8345297508e1","hasBeforeHooks":false,"beforeHooks":[],"hasAfterHooks":false,"afterHooks":[]}],"tests":[],"pending":[],"root":true,"fullFile":"","file":"","passes":[],"failures":[],"skipped":[],"hasTests":false,"hasSuites":true,"totalTests":0,"totalPasses":0,"totalFailures":0,"totalPending":0,"totalSkipped":0,"hasPasses":false,"hasFailures":false,"hasPending":false,"hasSkipped":false,"duration":0,"_timeout":0,"uuid":"24646fe2-d509-49c1-abd6-ddc9c93c8934","hasBeforeHooks":false,"beforeHooks":[],"hasAfterHooks":false,"afterHooks":[]},"allTests":[{"title":"DATAPROVIDER: 4 TEST for 1","fullTitle":"DATAPROVIDER: 4 TEST for 1","timedOut":false,"duration":3,"speed":"fast","pass":true,"fail":false,"pending":false,"code":"","isRoot":false,"uuid":"8f504183-ea70-4226-b60d-39a05efcf188","parentUUID":"e7dedcc1-209b-4b1d-ac26-b09949cedba0","skipped":false,"isHook":false,"context":"[{\"title\":\"Session Id\",\"value\":\"41e65b3dc455505382dd0729a2a7f59c\"}]","state":"passed","err":{}},{"title":"DATAPROVIDER: 5 TEST for 2","fullTitle":"DATAPROVIDER: 5 TEST for 2","timedOut":false,"duration":2,"speed":"fast","pass":true,"fail":false,"pending":false,"code":"","isRoot":false,"uuid":"34d678c9-251b-47e5-80fc-619d7f3a9297","parentUUID":"e7dedcc1-209b-4b1d-ac26-b09949cedba0","skipped":false,"isHook":false,"context":"[{\"title\":\"Session Id\",\"value\":\"41e65b3dc455505382dd0729a2a7f59c\"}]","state":"passed","err":{}},{"title":"DATAPROVIDER: 6 TEST for 3","fullTitle":"DATAPROVIDER: 6 TEST for 3","timedOut":false,"duration":2,"speed":"fast","pass":true,"fail":false,"pending":false,"code":"","isRoot":false,"uuid":"d172ac88-8ef9-4828-ae46-38f378ee2dc6","parentUUID":"e7dedcc1-209b-4b1d-ac26-b09949cedba0","skipped":false,"isHook":false,"context":"[{\"title\":\"Session Id\",\"value\":\"41e65b3dc455505382dd0729a2a7f59c\"}]","state":"passed","err":{}},{"title":"DATAPROVIDER: 7 TEST for 4","fullTitle":"DATAPROVIDER: 7 TEST for 4","timedOut":false,"duration":1,"speed":"fast","pass":true,"fail":false,"pending":false,"code":"","isRoot":false,"uuid":"32ff5358-b764-4721-86ea-ff3b3082cbe7","parentUUID":"e7dedcc1-209b-4b1d-ac26-b09949cedba0","skipped":false,"isHook":false,"context":"[{\"title\":\"Session Id\",\"value\":\"41e65b3dc455505382dd0729a2a7f59c\"}]","state":"passed","err":{}},{"title":"DATAPROVIDER: 8 TEST for 5","fullTitle":"DATAPROVIDER: 8 TEST for 5","timedOut":false,"duration":1,"speed":"fast","pass":true,"fail":false,"pending":false,"code":"","isRoot":false,"uuid":"6c3e8bc4-7f84-45a3-92b7-5bee2a40ae57","parentUUID":"e7dedcc1-209b-4b1d-ac26-b09949cedba0","skipped":false,"isHook":false,"context":"[{\"title\":\"Session Id\",\"value\":\"41e65b3dc455505382dd0729a2a7f59c\"}]","state":"passed","err":{}},{"title":"NESTED TEST!","fullTitle":"NESTED TEST!","timedOut":false,"duration":2,"speed":"fast","pass":true,"fail":false,"pending":false,"code":"","isRoot":false,"uuid":"838c3507-dfbf-4e55-bc6f-fcb90f0bed6e","parentUUID":"1c63b295-809c-4142-8cc3-8345297508e1","skipped":false,"isHook":false,"context":"[{\"title\":\"Session Id\",\"value\":\"41e65b3dc455505382dd0729a2a7f59c\"}]","state":"passed","err":{}}],"allPending":[],"allPasses":[{"title":"DATAPROVIDER: 4 TEST for 1","fullTitle":"DATAPROVIDER: 4 TEST for 1","timedOut":false,"duration":3,"speed":"fast","pass":true,"fail":false,"pending":false,"code":"","isRoot":false,"uuid":"8f504183-ea70-4226-b60d-39a05efcf188","parentUUID":"e7dedcc1-209b-4b1d-ac26-b09949cedba0","skipped":false,"isHook":false,"context":"[{\"title\":\"Session Id\",\"value\":\"41e65b3dc455505382dd0729a2a7f59c\"}]","state":"passed","err":{}},{"title":"DATAPROVIDER: 5 TEST for 2","fullTitle":"DATAPROVIDER: 5 TEST for 2","timedOut":false,"duration":2,"speed":"fast","pass":true,"fail":false,"pending":false,"code":"","isRoot":false,"uuid":"34d678c9-251b-47e5-80fc-619d7f3a9297","parentUUID":"e7dedcc1-209b-4b1d-ac26-b09949cedba0","skipped":false,"isHook":false,"context":"[{\"title\":\"Session Id\",\"value\":\"41e65b3dc455505382dd0729a2a7f59c\"}]","state":"passed","err":{}},{"title":"DATAPROVIDER: 6 TEST for 3","fullTitle":"DATAPROVIDER: 6 TEST for 3","timedOut":false,"duration":2,"speed":"fast","pass":true,"fail":false,"pending":false,"code":"","isRoot":false,"uuid":"d172ac88-8ef9-4828-ae46-38f378ee2dc6","parentUUID":"e7dedcc1-209b-4b1d-ac26-b09949cedba0","skipped":false,"isHook":false,"context":"[{\"title\":\"Session Id\",\"value\":\"41e65b3dc455505382dd0729a2a7f59c\"}]","state":"passed","err":{}},{"title":"DATAPROVIDER: 7 TEST for 4","fullTitle":"DATAPROVIDER: 7 TEST for 4","timedOut":false,"duration":1,"speed":"fast","pass":true,"fail":false,"pending":false,"code":"","isRoot":false,"uuid":"32ff5358-b764-4721-86ea-ff3b3082cbe7","parentUUID":"e7dedcc1-209b-4b1d-ac26-b09949cedba0","skipped":false,"isHook":false,"context":"[{\"title\":\"Session Id\",\"value\":\"41e65b3dc455505382dd0729a2a7f59c\"}]","state":"passed","err":{}},{"title":"DATAPROVIDER: 8 TEST for 5","fullTitle":"DATAPROVIDER: 8 TEST for 5","timedOut":false,"duration":1,"speed":"fast","pass":true,"fail":false,"pending":false,"code":"","isRoot":false,"uuid":"6c3e8bc4-7f84-45a3-92b7-5bee2a40ae57","parentUUID":"e7dedcc1-209b-4b1d-ac26-b09949cedba0","skipped":false,"isHook":false,"context":"[{\"title\":\"Session Id\",\"value\":\"41e65b3dc455505382dd0729a2a7f59c\"}]","state":"passed","err":{}},{"title":"NESTED TEST!","fullTitle":"NESTED TEST!","timedOut":false,"duration":2,"speed":"fast","pass":true,"fail":false,"pending":false,"code":"","isRoot":false,"uuid":"838c3507-dfbf-4e55-bc6f-fcb90f0bed6e","parentUUID":"1c63b295-809c-4142-8cc3-8345297508e1","skipped":false,"isHook":false,"context":"[{\"title\":\"Session Id\",\"value\":\"41e65b3dc455505382dd0729a2a7f59c\"}]","state":"passed","err":{}}],"allFailures":[],"copyrightYear":2018}