{"stats":{"suites":1,"tests":3,"passes":3,"pending":0,"failures":0,"start":"2018-08-09T20:09:35.803Z","end":"2018-08-09T20:09:43.116Z","duration":7313,"testsRegistered":3,"passPercent":100,"pendingPercent":0,"other":0,"hasOther":false,"skipped":0,"hasSkipped":false,"passPercentClass":"success","pendingPercentClass":"danger"},"suites":{"title":"","suites":[{"title":"custom commands (chrome)","suites":[],"tests":[{"title":"working with cookies","fullTitle":"working with cookies","timedOut":false,"duration":931,"speed":"fast","pass":true,"fail":false,"pending":false,"code":"","isRoot":false,"uuid":"f92e9e01-2649-480d-96b5-acd4093bf1df","parentUUID":"62fb08f0-65b0-43d7-a2b8-52fcd8290cfa","skipped":false,"isHook":false,"context":"[{\"title\":\"Session Id\",\"value\":\"1344917335c08351365161ea1a9ddb1f\"}]","state":"passed","err":{}},{"title":"working with storage objects","fullTitle":"working with storage objects","timedOut":false,"duration":1967,"speed":"fast","pass":true,"fail":false,"pending":false,"code":"","isRoot":false,"uuid":"ae6cd924-edae-4f71-9643-bdb2377ff3b6","parentUUID":"62fb08f0-65b0-43d7-a2b8-52fcd8290cfa","skipped":false,"isHook":false,"context":"[{\"title\":\"Session Id\",\"value\":\"1344917335c08351365161ea1a9ddb1f\"}]","state":"passed","err":{}},{"title":"cleaning by using custom command","fullTitle":"cleaning by using custom command","timedOut":false,"duration":134,"speed":"fast","pass":true,"fail":false,"pending":false,"code":"","isRoot":false,"uuid":"52189c78-2721-427f-bff0-9fd65ea79259","parentUUID":"62fb08f0-65b0-43d7-a2b8-52fcd8290cfa","skipped":false,"isHook":false,"context":"[{\"title\":\"Session Id\",\"value\":\"1344917335c08351365161ea1a9ddb1f\"}]","state":"passed","err":{}}],"pending":[],"root":false,"fullFile":"","file":"","passes":[{"title":"working with cookies","fullTitle":"working with cookies","timedOut":false,"duration":931,"speed":"fast","pass":true,"fail":false,"pending":false,"code":"","isRoot":false,"uuid":"f92e9e01-2649-480d-96b5-acd4093bf1df","parentUUID":"62fb08f0-65b0-43d7-a2b8-52fcd8290cfa","skipped":false,"isHook":false,"context":"[{\"title\":\"Session Id\",\"value\":\"1344917335c08351365161ea1a9ddb1f\"}]","state":"passed","err":{}},{"title":"working with storage objects","fullTitle":"working with storage objects","timedOut":false,"duration":1967,"speed":"fast","pass":true,"fail":false,"pending":false,"code":"","isRoot":false,"uuid":"ae6cd924-edae-4f71-9643-bdb2377ff3b6","parentUUID":"62fb08f0-65b0-43d7-a2b8-52fcd8290cfa","skipped":false,"isHook":false,"context":"[{\"title\":\"Session Id\",\"value\":\"1344917335c08351365161ea1a9ddb1f\"}]","state":"passed","err":{}},{"title":"cleaning by using custom command","fullTitle":"cleaning by using custom command","timedOut":false,"duration":134,"speed":"fast","pass":true,"fail":false,"pending":false,"code":"","isRoot":false,"uuid":"52189c78-2721-427f-bff0-9fd65ea79259","parentUUID":"62fb08f0-65b0-43d7-a2b8-52fcd8290cfa","skipped":false,"isHook":false,"context":"[{\"title\":\"Session Id\",\"value\":\"1344917335c08351365161ea1a9ddb1f\"}]","state":"passed","err":{}}],"failures":[],"skipped":[],"hasTests":true,"hasSuites":false,"totalTests":3,"totalPasses":3,"totalFailures":0,"totalPending":0,"totalSkipped":0,"hasPasses":true,"hasFailures":false,"hasPending":false,"hasSkipped":false,"duration":3037,"_timeout":0,"uuid":"62fb08f0-65b0-43d7-a2b8-52fcd8290cfa","hasBeforeHooks":false,"beforeHooks":[],"hasAfterHooks":false,"afterHooks":[]}],"tests":[],"pending":[],"root":true,"fullFile":"","file":"","passes":[],"failures":[],"skipped":[],"hasTests":false,"hasSuites":true,"totalTests":0,"totalPasses":0,"totalFailures":0,"totalPending":0,"totalSkipped":0,"hasPasses":false,"hasFailures":false,"hasPending":false,"hasSkipped":false,"duration":0,"_timeout":0,"uuid":"5bcaa34c-4eed-4898-b47a-abd088d4fdd4","hasBeforeHooks":false,"beforeHooks":[],"hasAfterHooks":false,"afterHooks":[]},"allTests":[{"title":"working with cookies","fullTitle":"working with cookies","timedOut":false,"duration":931,"speed":"fast","pass":true,"fail":false,"pending":false,"code":"","isRoot":false,"uuid":"f92e9e01-2649-480d-96b5-acd4093bf1df","parentUUID":"62fb08f0-65b0-43d7-a2b8-52fcd8290cfa","skipped":false,"isHook":false,"context":"[{\"title\":\"Session Id\",\"value\":\"1344917335c08351365161ea1a9ddb1f\"}]","state":"passed","err":{}},{"title":"working with storage objects","fullTitle":"working with storage objects","timedOut":false,"duration":1967,"speed":"fast","pass":true,"fail":false,"pending":false,"code":"","isRoot":false,"uuid":"ae6cd924-edae-4f71-9643-bdb2377ff3b6","parentUUID":"62fb08f0-65b0-43d7-a2b8-52fcd8290cfa","skipped":false,"isHook":false,"context":"[{\"title\":\"Session Id\",\"value\":\"1344917335c08351365161ea1a9ddb1f\"}]","state":"passed","err":{}},{"title":"cleaning by using custom command","fullTitle":"cleaning by using custom command","timedOut":false,"duration":134,"speed":"fast","pass":true,"fail":false,"pending":false,"code":"","isRoot":false,"uuid":"52189c78-2721-427f-bff0-9fd65ea79259","parentUUID":"62fb08f0-65b0-43d7-a2b8-52fcd8290cfa","skipped":false,"isHook":false,"context":"[{\"title\":\"Session Id\",\"value\":\"1344917335c08351365161ea1a9ddb1f\"}]","state":"passed","err":{}}],"allPending":[],"allPasses":[{"title":"working with cookies","fullTitle":"working with cookies","timedOut":false,"duration":931,"speed":"fast","pass":true,"fail":false,"pending":false,"code":"","isRoot":false,"uuid":"f92e9e01-2649-480d-96b5-acd4093bf1df","parentUUID":"62fb08f0-65b0-43d7-a2b8-52fcd8290cfa","skipped":false,"isHook":false,"context":"[{\"title\":\"Session Id\",\"value\":\"1344917335c08351365161ea1a9ddb1f\"}]","state":"passed","err":{}},{"title":"working with storage objects","fullTitle":"working with storage objects","timedOut":false,"duration":1967,"speed":"fast","pass":true,"fail":false,"pending":false,"code":"","isRoot":false,"uuid":"ae6cd924-edae-4f71-9643-bdb2377ff3b6","parentUUID":"62fb08f0-65b0-43d7-a2b8-52fcd8290cfa","skipped":false,"isHook":false,"context":"[{\"title\":\"Session Id\",\"value\":\"1344917335c08351365161ea1a9ddb1f\"}]","state":"passed","err":{}},{"title":"cleaning by using custom command","fullTitle":"cleaning by using custom command","timedOut":false,"duration":134,"speed":"fast","pass":true,"fail":false,"pending":false,"code":"","isRoot":false,"uuid":"52189c78-2721-427f-bff0-9fd65ea79259","parentUUID":"62fb08f0-65b0-43d7-a2b8-52fcd8290cfa","skipped":false,"isHook":false,"context":"[{\"title\":\"Session Id\",\"value\":\"1344917335c08351365161ea1a9ddb1f\"}]","state":"passed","err":{}}],"allFailures":[],"copyrightYear":2018}