{"stats":{"suites":1,"tests":1,"passes":0,"pending":0,"failures":1,"start":"2018-08-11T13:07:04.116Z","end":"2018-08-11T13:07:18.537Z","duration":14421,"testsRegistered":1,"passPercent":0,"pendingPercent":0,"other":0,"hasOther":false,"skipped":0,"hasSkipped":false,"passPercentClass":"success","pendingPercentClass":"danger"},"suites":{"title":"","suites":[{"title":"Page Objects / Page Fragments (chrome)","suites":[],"tests":[{"title":"can create note","fullTitle":"can create note","timedOut":false,"duration":8285,"speed":"fast","pass":false,"fail":true,"pending":false,"code":"","isRoot":false,"uuid":"07eec38b-85a6-42d4-a5b3-0cda76dc8f9a","parentUUID":"e0317072-64ec-447f-ae61-add745d54544","skipped":false,"isHook":false,"context":"[{\"title\":\"Session Id\",\"value\":\"16aa24d2b53e66ba066a181fb06c9fbb\"}]","state":"failed","err":{"name":"Error","message":"test failure","estack":"Error: test failure\n    at Context.<anonymous> (/Users/oleksandrkhotemskyi/demonstration_webdriverio_project/tests/1/5/example/5.ts:24:15)\n    at new Promise (/Users/oleksandrkhotemskyi/demonstration_webdriverio_project/node_modules/core-js/library/modules/es6.promise.js:177:7)","stack":"Error: test failure\n    at Context.<anonymous> (/Users/oleksandrkhotemskyi/demonstration_webdriverio_project/tests/1/5/example/5.ts:24:15)\n    at new Promise (/Users/oleksandrkhotemskyi/demonstration_webdriverio_project/node_modules/core-js/library/modules/es6.promise.js:177:7)"}}],"pending":[],"root":false,"fullFile":"","file":"","passes":[],"failures":[{"title":"can create note","fullTitle":"can create note","timedOut":false,"duration":8285,"speed":"fast","pass":false,"fail":true,"pending":false,"code":"","isRoot":false,"uuid":"07eec38b-85a6-42d4-a5b3-0cda76dc8f9a","parentUUID":"e0317072-64ec-447f-ae61-add745d54544","skipped":false,"isHook":false,"context":"[{\"title\":\"Session Id\",\"value\":\"16aa24d2b53e66ba066a181fb06c9fbb\"}]","state":"failed","err":{"name":"Error","message":"test failure","estack":"Error: test failure\n    at Context.<anonymous> (/Users/oleksandrkhotemskyi/demonstration_webdriverio_project/tests/1/5/example/5.ts:24:15)\n    at new Promise (/Users/oleksandrkhotemskyi/demonstration_webdriverio_project/node_modules/core-js/library/modules/es6.promise.js:177:7)","stack":"Error: test failure\n    at Context.<anonymous> (/Users/oleksandrkhotemskyi/demonstration_webdriverio_project/tests/1/5/example/5.ts:24:15)\n    at new Promise (/Users/oleksandrkhotemskyi/demonstration_webdriverio_project/node_modules/core-js/library/modules/es6.promise.js:177:7)"}}],"skipped":[],"hasTests":true,"hasSuites":false,"totalTests":1,"totalPasses":0,"totalFailures":1,"totalPending":0,"totalSkipped":0,"hasPasses":false,"hasFailures":true,"hasPending":false,"hasSkipped":false,"duration":10912,"_timeout":0,"uuid":"e0317072-64ec-447f-ae61-add745d54544","hasBeforeHooks":false,"beforeHooks":[],"hasAfterHooks":false,"afterHooks":[]}],"tests":[],"pending":[],"root":true,"fullFile":"","file":"","passes":[],"failures":[],"skipped":[],"hasTests":false,"hasSuites":true,"totalTests":0,"totalPasses":0,"totalFailures":0,"totalPending":0,"totalSkipped":0,"hasPasses":false,"hasFailures":false,"hasPending":false,"hasSkipped":false,"duration":0,"_timeout":0,"uuid":"f727fb4f-974d-4914-82c9-e9b32c5d5dac","hasBeforeHooks":false,"beforeHooks":[],"hasAfterHooks":false,"afterHooks":[]},"allTests":[{"title":"can create note","fullTitle":"can create note","timedOut":false,"duration":8285,"speed":"fast","pass":false,"fail":true,"pending":false,"code":"","isRoot":false,"uuid":"07eec38b-85a6-42d4-a5b3-0cda76dc8f9a","parentUUID":"e0317072-64ec-447f-ae61-add745d54544","skipped":false,"isHook":false,"context":"[{\"title\":\"Session Id\",\"value\":\"16aa24d2b53e66ba066a181fb06c9fbb\"}]","state":"failed","err":{"name":"Error","message":"test failure","estack":"Error: test failure\n    at Context.<anonymous> (/Users/oleksandrkhotemskyi/demonstration_webdriverio_project/tests/1/5/example/5.ts:24:15)\n    at new Promise (/Users/oleksandrkhotemskyi/demonstration_webdriverio_project/node_modules/core-js/library/modules/es6.promise.js:177:7)","stack":"Error: test failure\n    at Context.<anonymous> (/Users/oleksandrkhotemskyi/demonstration_webdriverio_project/tests/1/5/example/5.ts:24:15)\n    at new Promise (/Users/oleksandrkhotemskyi/demonstration_webdriverio_project/node_modules/core-js/library/modules/es6.promise.js:177:7)"}}],"allPending":[],"allPasses":[],"allFailures":[{"title":"can create note","fullTitle":"can create note","timedOut":false,"duration":8285,"speed":"fast","pass":false,"fail":true,"pending":false,"code":"","isRoot":false,"uuid":"07eec38b-85a6-42d4-a5b3-0cda76dc8f9a","parentUUID":"e0317072-64ec-447f-ae61-add745d54544","skipped":false,"isHook":false,"context":"[{\"title\":\"Session Id\",\"value\":\"16aa24d2b53e66ba066a181fb06c9fbb\"}]","state":"failed","err":{"name":"Error","message":"test failure","estack":"Error: test failure\n    at Context.<anonymous> (/Users/oleksandrkhotemskyi/demonstration_webdriverio_project/tests/1/5/example/5.ts:24:15)\n    at new Promise (/Users/oleksandrkhotemskyi/demonstration_webdriverio_project/node_modules/core-js/library/modules/es6.promise.js:177:7)","stack":"Error: test failure\n    at Context.<anonymous> (/Users/oleksandrkhotemskyi/demonstration_webdriverio_project/tests/1/5/example/5.ts:24:15)\n    at new Promise (/Users/oleksandrkhotemskyi/demonstration_webdriverio_project/node_modules/core-js/library/modules/es6.promise.js:177:7)"}}],"copyrightYear":2018}